<?xml version="1.0" encoding="UTF-8"?>
<!-- Generated by org.testng.reporters.JUnitReportReporter -->
<testsuite hostname="LAPTOP-0OV04MNR" failures="0" tests="2" name="test_suites.CapitalApiTestCases" time="53.278" errors="0" timestamp="2021-06-15T23:53:14 EEST" skipped="0">
  <testcase classname="test_suites.CapitalApiTestCases" name="verify_API_response_of_valid_capital" time="47.544"/>
  <system-out/>
  <testcase classname="test_suites.CapitalApiTestCases" name="verify_API_response_of_invalid_capital" time="5.734"/>
  <system-out/>
</testsuite> <!-- test_suites.CapitalApiTestCases -->
